<?xml version="1.0" encoding="UTF-8"?>
<!-- Generated by org.testng.reporters.JUnitReportReporter -->
<testsuite hostname="LAPTOP-QFSRINNU" failures="0" tests="2" name="com.sgtesting.actitime.testsuite.DriverScript" time="87.862" errors="0" timestamp="2024-01-16T20:06:46 IST" skipped="0">
  <testcase classname="com.sgtesting.actitime.testsuite.DriverScript" name="feature" time="59.129"/>
  <system-out/>
  <testcase classname="com.sgtesting.actitime.testsuite.DriverScript" name="feature" time="28.733"/>
  <system-out/>
</testsuite> <!-- com.sgtesting.actitime.testsuite.DriverScript -->
